<?xml version="1.0" encoding="UTF-8"?>
<!-- Generated by org.testng.reporters.JUnitReportReporter -->
<testsuite skipped="0" hostname="VENKATAC3" name="com.linkedin.testscripts.LoginPageTest" tests="3" failures="0" timestamp="22 Jun 2018 16:20:51 GMT" time="77.042" errors="0">
  <testcase name="loginTest" time="34.663" classname="com.linkedin.testscripts.LoginPageTest"/>
  <testcase name="LogoImageTest" time="16.052" classname="com.linkedin.testscripts.LoginPageTest"/>
  <testcase name="loginPageTitleTest" time="26.327" classname="com.linkedin.testscripts.LoginPageTest"/>
</testsuite> <!-- com.linkedin.testscripts.LoginPageTest -->
